  Driver.cpp
Driver.cpp(130): warning C4244: 'initializing': conversion from 'time_t' to 'double', possible loss of data
Driver.cpp(136): warning C4244: 'initializing': conversion from 'time_t' to 'double', possible loss of data
  K_AbstractEntityFactory.cpp
  K_Entity.cpp
  K_EntityManager.cpp
  K_EntityTemplateResource.cpp
  K_Error.cpp
  K_FileManager.cpp
  K_ImageDecoder.cpp
  K_Keys.cpp
  K_MeshResource.cpp
  K_RenderableObject.cpp
  K_RenderEngine.cpp
  K_ResourceManager.cpp
  K_ShaderResource.cpp
  K_TextResource.cpp
  K_TextureResource.cpp
  K_VertexBuffer.cpp
  K_WinApiWindow.cpp
K_WinApiWindow.cpp(164): warning C4244: 'argument': conversion from 'LPARAM' to 'unsigned long', possible loss of data
K_WinApiWindow.cpp(164): warning C4244: 'argument': conversion from 'WPARAM' to 'unsigned long', possible loss of data
  K_WinFileHandler.cpp
  Generating code
  All 1421 functions were compiled because no usable IPDB/IOBJ from previous compilation was found.
  Finished generating code
  KNgine.vcxproj -> C:\Users\cameron\documents\visual studio 2015\Projects\KNgine\x64\Release\KNgine.exe
  KNgine.vcxproj -> C:\Users\cameron\documents\visual studio 2015\Projects\KNgine\x64\Release\KNgine.pdb (Full PDB)
