c:\users\cameron\documents\visual studio 2015\projects\kngine\kngine\x64\debug\vc140.pdb
c:\users\cameron\documents\visual studio 2015\projects\kngine\kngine\x64\debug\vc140.idb
c:\users\cameron\documents\visual studio 2015\projects\kngine\kngine\x64\debug\driver.obj
c:\users\cameron\documents\visual studio 2015\projects\kngine\kngine\x64\debug\k_abstractentityfactory.obj
c:\users\cameron\documents\visual studio 2015\projects\kngine\kngine\x64\debug\k_entity.obj
c:\users\cameron\documents\visual studio 2015\projects\kngine\kngine\x64\debug\k_entitymanager.obj
c:\users\cameron\documents\visual studio 2015\projects\kngine\kngine\x64\debug\k_entitytemplateresource.obj
c:\users\cameron\documents\visual studio 2015\projects\kngine\kngine\x64\debug\k_error.obj
c:\users\cameron\documents\visual studio 2015\projects\kngine\kngine\x64\debug\k_filemanager.obj
c:\users\cameron\documents\visual studio 2015\projects\kngine\kngine\x64\debug\k_imagedecoder.obj
c:\users\cameron\documents\visual studio 2015\projects\kngine\kngine\x64\debug\k_keys.obj
c:\users\cameron\documents\visual studio 2015\projects\kngine\kngine\x64\debug\k_meshresource.obj
c:\users\cameron\documents\visual studio 2015\projects\kngine\kngine\x64\debug\k_renderableobject.obj
c:\users\cameron\documents\visual studio 2015\projects\kngine\kngine\x64\debug\k_renderengine.obj
c:\users\cameron\documents\visual studio 2015\projects\kngine\kngine\x64\debug\k_resourcemanager.obj
c:\users\cameron\documents\visual studio 2015\projects\kngine\kngine\x64\debug\k_shaderresource.obj
c:\users\cameron\documents\visual studio 2015\projects\kngine\kngine\x64\debug\k_textresource.obj
c:\users\cameron\documents\visual studio 2015\projects\kngine\kngine\x64\debug\k_textureresource.obj
c:\users\cameron\documents\visual studio 2015\projects\kngine\kngine\x64\debug\k_winapiwindow.obj
c:\users\cameron\documents\visual studio 2015\projects\kngine\kngine\x64\debug\k_winfilehandler.obj
c:\users\cameron\documents\visual studio 2015\projects\kngine\kngine\x64\debug\k_vertexbuffer.obj
c:\users\cameron\documents\visual studio 2015\projects\kngine\x64\debug\kngine.ilk
c:\users\cameron\documents\visual studio 2015\projects\kngine\x64\debug\kngine.exe
c:\users\cameron\documents\visual studio 2015\projects\kngine\x64\debug\kngine.pdb
c:\users\cameron\documents\visual studio 2015\projects\kngine\kngine\x64\debug\kngine.tlog\cl.command.1.tlog
c:\users\cameron\documents\visual studio 2015\projects\kngine\kngine\x64\debug\kngine.tlog\cl.read.1.tlog
c:\users\cameron\documents\visual studio 2015\projects\kngine\kngine\x64\debug\kngine.tlog\cl.write.1.tlog
c:\users\cameron\documents\visual studio 2015\projects\kngine\kngine\x64\debug\kngine.tlog\link.command.1.tlog
c:\users\cameron\documents\visual studio 2015\projects\kngine\kngine\x64\debug\kngine.tlog\link.read.1.tlog
c:\users\cameron\documents\visual studio 2015\projects\kngine\kngine\x64\debug\kngine.tlog\link.write.1.tlog
